#
# There is insufficient memory for the Java Runtime Environment to continue.
# Native memory allocation (mmap) failed to map 266338304 bytes. Error detail: G1 virtual space
# Possible reasons:
#   The system is out of physical RAM or swap space
#   This process is running with CompressedOops enabled, and the Java Heap may be blocking the growth of the native heap
# Possible solutions:
#   Reduce memory load on the system
#   Increase physical memory or swap space
#   Check if swap backing store is full
#   Decrease Java heap size (-Xmx/-Xms)
#   Decrease number of Java threads
#   Decrease Java thread stack sizes (-Xss)
#   Set larger code cache with -XX:ReservedCodeCacheSize=
#   JVM is running with Zero Based Compressed Oops mode in which the Java heap is
#     placed in the first 32GB address space. The Java Heap base address is the
#     maximum limit for the native heap growth. Please use -XX:HeapBaseMinAddress
#     to set the Java Heap base and to place the Java Heap above 32GB virtual address.
# This output file may be truncated or incomplete.
#
#  Out of Memory Error (os_windows.cpp:3925), pid=44116, tid=43916
#
# JRE version:  (21.0.9) (build )
# Java VM: OpenJDK 64-Bit Server VM (21.0.9+-14787801-b1163.94, mixed mode, sharing, tiered, compressed oops, compressed class ptrs, g1 gc, windows-amd64)
# No core dump will be written. Minidumps are not enabled by default on client versions of Windows
#

---------------  S U M M A R Y ------------

Command Line: org.jetbrains.kotlin.cli.jvm.K2JVMCompiler @C:\Users\HomePC\AndroidStudioProjects\PresenceCamions\app\build\20260317_1793454796695758642.compiler.options

Host: Intel(R) Core(TM) i5-8350U CPU @ 1.70GHz, 8 cores, 15G,  Windows 11 , 64 bit Build 26100 (10.0.26100.7920)
Time: Tue Mar 17 23:36:03 2026 Maroc elapsed time: 0.052474 seconds (0d 0h 0m 0s)

---------------  T H R E A D  ---------------

Current thread (0x0000022ca3f997e0):  JavaThread "Unknown thread" [_thread_in_vm, id=43916, stack(0x000000c436d00000,0x000000c436e00000) (1024K)]

Stack: [0x000000c436d00000,0x000000c436e00000]
Native frames: (J=compiled Java code, j=interpreted, Vv=VM code, C=native code)
V  [jvm.dll+0x6d6c99]
V  [jvm.dll+0x866b83]
V  [jvm.dll+0x8691ae]
V  [jvm.dll+0x869893]
V  [jvm.dll+0x280776]
V  [jvm.dll+0x6d3555]
V  [jvm.dll+0x6c6bea]
V  [jvm.dll+0x3587fb]
V  [jvm.dll+0x360476]
V  [jvm.dll+0x3b2646]
V  [jvm.dll+0x3b2918]
V  [jvm.dll+0x32af0c]
V  [jvm.dll+0x32bbfb]
V  [jvm.dll+0x82e839]
V  [jvm.dll+0x3bf818]
V  [jvm.dll+0x8179d8]
V  [jvm.dll+0x453cbe]
V  [jvm.dll+0x455421]
C  [jli.dll+0x52ab]
C  [ucrtbase.dll+0x37b0]
C  [KERNEL32.DLL+0x2e8d7]
C  [ntdll.dll+0x8c48c]


---------------  P R O C E S S  ---------------

Threads class SMR info:
_java_thread_list=0x00007ffcdbb6b988, length=0, elements={
}

Java Threads: ( => current thread )
Total: 0

Other Threads:
  0x0000022ca3ffd280 WorkerThread "GC Thread#0"                     [id=42180, stack(0x000000c436e00000,0x000000c436f00000) (1024K)]
  0x0000022ca400e880 ConcurrentGCThread "G1 Main Marker"            [id=41164, stack(0x000000c436f00000,0x000000c437000000) (1024K)]
  0x0000022ca40101c0 WorkerThread "G1 Conc#0"                       [id=43388, stack(0x000000c437000000,0x000000c437100000) (1024K)]

[error occurred during error reporting (printing all threads), id 0xc0000005, EXCEPTION_ACCESS_VIOLATION (0xc0000005) at pc=0x00007ffcdb35dee7]
VM state: not at safepoint (not fully initialized)

VM Mutex/Monitor currently owned by a thread:  ([mutex/lock_event])
[0x00007ffcdbbd8790] Heap_lock - owner thread: 0x0000022ca3f997e0

Heap address: 0x0000000702600000, size: 4058 MB, Compressed Oops mode: Zero based, Oop shift amount: 3

CDS archive(s) mapped at: [0x0000000000000000-0x0000000000000000-0x0000000000000000), size 0, SharedBaseAddress: 0x0000000800000000, ArchiveRelocationMode: 1.
Narrow klass base: 0x0000000000000000, Narrow klass shift: 0, Narrow klass range: 0x0

GC Precious Log:
 CardTable entry size: 512
 Card Set container configuration: InlinePtr #cards 4 size 8 Array Of Cards #cards 16 size 48 Howl #buckets 8 coarsen threshold 3686 Howl Bitmap #cards 512 size 80 coarsen threshold 460 Card regions per heap region 1 cards per card region 4096

Heap:
 garbage-first heap   total 0K, used 0K [0x0000000702600000, 0x0000000800000000)
  region size 2048K, 0 young (0K), 0 survivors (0K)
 Metaspace       used 0K, committed 0K, reserved 0K
  class space    used 0K, committed 0K, reserved 0K

Heap Regions: E=young(eden), S=young(survivor), O=old, HS=humongous(starts), HC=humongous(continues), CS=collection set, F=free, TAMS=top-at-mark-start, PB=parsable bottom

Card table byte_map: [0x0000022cb8cb0000,0x0000022cb94a0000] _byte_map_base: 0x0000022cb549d000

Marking Bits: (CMBitMap*) 0x0000022ca3ffe190
 Bits: [0x0000022cb94a0000, 0x0000022cbd408000)

GC Heap History (0 events):
No events

Dll operation events (1 events):
Event: 0.030 Loaded shared library C:\Android\jbr\bin\java.dll

Deoptimization events (0 events):
No events

Classes loaded (0 events):
No events

Classes unloaded (0 events):
No events

Classes redefined (0 events):
No events

Internal exceptions (0 events):
No events

ZGC Phase Switch (0 events):
No events

VM Operations (0 events):
No events

Memory protections (0 events):
No events

Nmethod flushes (0 events):
No events

Events (0 events):
No events


Dynamic libraries:
0x00007ff79e2e0000 - 0x00007ff79e2ea000 	C:\Android\jbr\bin\java.exe
0x00007ffdf2c80000 - 0x00007ffdf2ee7000 	C:\WINDOWS\SYSTEM32\ntdll.dll
0x00007ffdf1180000 - 0x00007ffdf1249000 	C:\WINDOWS\System32\KERNEL32.DLL
0x00007ffdef710000 - 0x00007ffdefb01000 	C:\WINDOWS\System32\KERNELBASE.dll
0x00007ffdef5c0000 - 0x00007ffdef70b000 	C:\WINDOWS\System32\ucrtbase.dll
0x00007ffdad930000 - 0x00007ffdad948000 	C:\Android\jbr\bin\jli.dll
0x00007ffdf0af0000 - 0x00007ffdf0cb5000 	C:\WINDOWS\System32\USER32.dll
0x00007ffdeff20000 - 0x00007ffdeff47000 	C:\WINDOWS\System32\win32u.dll
0x00007ffdbeb10000 - 0x00007ffdbeb2b000 	C:\Android\jbr\bin\VCRUNTIME140.dll
0x00007ffdf2210000 - 0x00007ffdf223b000 	C:\WINDOWS\System32\GDI32.dll
0x00007ffdefdf0000 - 0x00007ffdeff1b000 	C:\WINDOWS\System32\gdi32full.dll
0x00007ffdd5d70000 - 0x00007ffdd6003000 	C:\WINDOWS\WinSxS\amd64_microsoft.windows.common-controls_6595b64144ccf1df_6.0.26100.8037_none_3e092faae333b53b\COMCTL32.dll
0x00007ffdefb10000 - 0x00007ffdefbb3000 	C:\WINDOWS\System32\msvcp_win.dll
0x00007ffdf0a40000 - 0x00007ffdf0ae9000 	C:\WINDOWS\System32\msvcrt.dll
0x00007ffdf2bd0000 - 0x00007ffdf2c01000 	C:\WINDOWS\System32\IMM32.DLL
0x00007ffdda880000 - 0x00007ffdda88c000 	C:\Android\jbr\bin\vcruntime140_1.dll
0x00007ffd4efb0000 - 0x00007ffd4f03d000 	C:\Android\jbr\bin\msvcp140.dll
0x00007ffcdb020000 - 0x00007ffcdbcb6000 	C:\Android\jbr\bin\server\jvm.dll
0x00007ffdf0cc0000 - 0x00007ffdf0d7b000 	C:\WINDOWS\System32\ADVAPI32.dll
0x00007ffdf1750000 - 0x00007ffdf17f7000 	C:\WINDOWS\System32\sechost.dll
0x00007ffdf1cf0000 - 0x00007ffdf1e08000 	C:\WINDOWS\System32\RPCRT4.dll
0x00007ffdf2b50000 - 0x00007ffdf2bc4000 	C:\WINDOWS\System32\WS2_32.dll
0x00007ffddb8f0000 - 0x00007ffddb925000 	C:\WINDOWS\SYSTEM32\WINMM.dll
0x00007ffdef380000 - 0x00007ffdef3de000 	C:\WINDOWS\SYSTEM32\POWRPROF.dll
0x00007ffde8af0000 - 0x00007ffde8afb000 	C:\WINDOWS\SYSTEM32\VERSION.dll
0x00007ffdef360000 - 0x00007ffdef374000 	C:\WINDOWS\SYSTEM32\UMPDC.dll
0x00007ffdee280000 - 0x00007ffdee29b000 	C:\WINDOWS\SYSTEM32\kernel.appcore.dll
0x00007ffdd8c10000 - 0x00007ffdd8c1a000 	C:\Android\jbr\bin\jimage.dll
0x00007ffded3f0000 - 0x00007ffded632000 	C:\WINDOWS\SYSTEM32\DBGHELP.DLL
0x00007ffdf0d80000 - 0x00007ffdf1102000 	C:\WINDOWS\System32\combase.dll
0x00007ffdf1e10000 - 0x00007ffdf1ee7000 	C:\WINDOWS\System32\OLEAUT32.dll
0x00007ffdc41a0000 - 0x00007ffdc41db000 	C:\WINDOWS\SYSTEM32\dbgcore.DLL
0x00007ffdefd40000 - 0x00007ffdefde5000 	C:\WINDOWS\System32\bcryptPrimitives.dll
0x00007ffdbeaf0000 - 0x00007ffdbeb10000 	C:\Android\jbr\bin\java.dll

JVMTI agents: none

dbghelp: loaded successfully - version: 4.0.5 - missing functions: none
symbol engine: initialized successfully - sym options: 0x614 - pdb path: .;C:\Android\jbr\bin;C:\WINDOWS\SYSTEM32;C:\WINDOWS\WinSxS\amd64_microsoft.windows.common-controls_6595b64144ccf1df_6.0.26100.8037_none_3e092faae333b53b;C:\Android\jbr\bin\server

VM Arguments:
java_command: org.jetbrains.kotlin.cli.jvm.K2JVMCompiler @C:\Users\HomePC\AndroidStudioProjects\PresenceCamions\app\build\20260317_1793454796695758642.compiler.options
java_class_path (initial): C:\Users\HomePC\.gradle\caches\modules-2\files-2.1\org.jetbrains.kotlin\kotlin-compiler-embeddable\2.2.10\6882d39ef03b18879c1a5d2a83c2212361bed5fe\kotlin-compiler-embeddable-2.2.10.jar;C:\Users\HomePC\.gradle\caches\modules-2\files-2.1\org.jetbrains.kotlin\kotlin-stdlib\2.2.10\30de6faa127a4a012db8e71bf1b9c0a99b1402b2\kotlin-stdlib-2.2.10.jar;C:\Users\HomePC\.gradle\caches\modules-2\files-2.1\org.jetbrains.kotlin\kotlin-script-runtime\2.2.10\712f9bc08f378c13a4a00f0bbb28c76e59183e83\kotlin-script-runtime-2.2.10.jar;C:\Users\HomePC\.gradle\caches\modules-2\files-2.1\org.jetbrains.kotlin\kotlin-reflect\1.6.10\1cbe9c92c12a94eea200d23c2bbaedaf3daf5132\kotlin-reflect-1.6.10.jar;C:\Users\HomePC\.gradle\caches\modules-2\files-2.1\org.jetbrains.kotlin\kotlin-daemon-embeddable\2.2.10\212fd3c2c6e4e5d0f4db3c4191233e2b622380cc\kotlin-daemon-embeddable-2.2.10.jar;C:\Users\HomePC\.gradle\caches\modules-2\files-2.1\org.jetbrains.kotlinx\kotlinx-coroutines-core-jvm\1.8.0\ac1dc37a30a93150b704022f8d895ee1bd3a36b3\kotlinx-coroutines-core-jvm-1.8.0.jar;C:\Users\HomePC\.gradle\caches\modules-2\files-2.1\org.jetbrains\annotations\13.0\919f0dfe192fb4e063e7dacadee7f8bb9a2672a9\annotations-13.0.jar
Launcher Type: SUN_STANDARD

[Global flags]
     intx CICompilerCount                          = 4                                         {product} {ergonomic}
     uint ConcGCThreads                            = 2                                         {product} {ergonomic}
     uint G1ConcRefinementThreads                  = 8                                         {product} {ergonomic}
   size_t G1HeapRegionSize                         = 2097152                                   {product} {ergonomic}
    uintx GCDrainStackTargetSize                   = 64                                        {product} {ergonomic}
   size_t InitialHeapSize                          = 266338304                                 {product} {ergonomic}
   size_t MarkStackSize                            = 4194304                                   {product} {ergonomic}
   size_t MaxHeapSize                              = 4255121408                                {product} {ergonomic}
   size_t MinHeapDeltaBytes                        = 2097152                                   {product} {ergonomic}
   size_t MinHeapSize                              = 8388608                                   {product} {ergonomic}
    uintx NonNMethodCodeHeapSize                   = 5839372                                {pd product} {ergonomic}
    uintx NonProfiledCodeHeapSize                  = 122909434                              {pd product} {ergonomic}
    uintx ProfiledCodeHeapSize                     = 122909434                              {pd product} {ergonomic}
    uintx ReservedCodeCacheSize                    = 251658240                              {pd product} {ergonomic}
     bool SegmentedCodeCache                       = true                                      {product} {ergonomic}
   size_t SoftMaxHeapSize                          = 4255121408                             {manageable} {ergonomic}
     bool UseCompressedOops                        = true                           {product lp64_product} {ergonomic}
     bool UseG1GC                                  = true                                      {product} {ergonomic}
     bool UseLargePagesIndividualAllocation        = false                                  {pd product} {ergonomic}

Logging:
Log output configuration:
 #0: stdout all=warning uptime,level,tags foldmultilines=false
 #1: stderr all=off uptime,level,tags foldmultilines=false

Release file:
<release file has not been read>
Environment Variables:
PATH=C:\WINDOWS\system32;C:\WINDOWS;C:\WINDOWS\System32\Wbem;C:\WINDOWS\System32\WindowsPowerShell\v1.0\;C:\WINDOWS\System32\OpenSSH\;C:\Program Files\dotnet\;C:\Program Files\Docker\Docker\resources\bin;C:\Program Files\nodejs\;C:\Program Files\Git\cmd;C:\WINDOWS\system32;C:\WINDOWS;C:\WINDOWS\System32\Wbem;C:\WINDOWS\System32\WindowsPowerShell\v1.0\;C:\WINDOWS\System32\OpenSSH\;C:\Program Files\dotnet\;C:\Program Files\Docker\Docker\resources\bin;C:\Program Files\nodejs\;C:\Program Files\Git\cmd;C:\Users\HomePC\AppData\Local\Microsoft\WindowsApps;C:\Users\HomePC\.dotnet\tools;C:\Users\HomePC\AppData\Roaming\npm;C:\Users\HomePC\.local\bin
USERNAME=HomePC
OS=Windows_NT
PROCESSOR_IDENTIFIER=Intel64 Family 6 Model 142 Stepping 10, GenuineIntel
TMP=C:\Users\HomePC\AppData\Local\Temp
TEMP=C:\Users\HomePC\AppData\Local\Temp




Periodic native trim disabled

JNI global refs:
JNI global refs: 0, weak refs: 0

JNI global refs memory usage: 0, weak refs: 0

Process memory usage:
Resident Set Size: 12980K (0% of 16616660K total physical memory with 1800036K free physical memory)

OOME stack traces (most recent first):
Classloader memory used:

---------------  S Y S T E M  ---------------

OS:
 Windows 11 , 64 bit Build 26100 (10.0.26100.7920)
OS uptime: 0 days 9:14 hours
Hyper-V role detected

CPU: total 8 (initial active 8) (4 cores per cpu, 2 threads per core) family 6 model 142 stepping 10 microcode 0xf6, cx8, cmov, fxsr, ht, mmx, 3dnowpref, sse, sse2, sse3, ssse3, sse4.1, sse4.2, popcnt, lzcnt, tsc, tscinvbit, avx, avx2, aes, erms, clmul, bmi1, bmi2, rtm, adx, fma, vzeroupper, clflush, clflushopt, hv, rdtscp, f16c
Processor Information for processor 0
  Max Mhz: 1896, Current Mhz: 1696, Mhz Limit: 1687
Processor Information for processor 1
  Max Mhz: 1896, Current Mhz: 1496, Mhz Limit: 1687
Processor Information for processor 2
  Max Mhz: 1896, Current Mhz: 1496, Mhz Limit: 1687
Processor Information for processor 3
  Max Mhz: 1896, Current Mhz: 1496, Mhz Limit: 1687
Processor Information for processor 4
  Max Mhz: 1896, Current Mhz: 1696, Mhz Limit: 1687
Processor Information for processor 5
  Max Mhz: 1896, Current Mhz: 1496, Mhz Limit: 1687
Processor Information for processor 6
  Max Mhz: 1896, Current Mhz: 1496, Mhz Limit: 1687
Processor Information for processor 7
  Max Mhz: 1896, Current Mhz: 1496, Mhz Limit: 1687

Memory: 4k page, system-wide physical 16227M (1757M free)
TotalPageFile size 29875M (AvailPageFile size 122M)
current process WorkingSet (physical memory assigned to process): 12M, peak: 12M
current process commit charge ("private bytes"): 60M, peak: 314M

vm_info: OpenJDK 64-Bit Server VM (21.0.9+-14787801-b1163.94) for windows-amd64 JRE (21.0.9+-14787801-b1163.94), built on 2026-01-27T21:15:44Z by "builder" with MS VC++ 16.10 / 16.11 (VS2019)

END.
